<?xml version="1.0" encoding="UTF-8"?>
<!-- Generated by org.testng.reporters.JUnitReportReporter -->
<testsuite skipped="0" hostname="RAHULSPC" name="com.rks.WebservicesAutomation.test.getTestRequest" tests="1" failures="0" timestamp="13 Aug 2018 06:20:50 GMT" time="2.421" errors="0">
  <testcase name="getWeatherDetails" time="2.421" classname="com.rks.WebservicesAutomation.test.getTestRequest"/>
</testsuite> <!-- com.rks.WebservicesAutomation.test.getTestRequest -->
